0 info it worked if it ends with ok
1 verbose cli [ '/usr/bin/nodejs', '/usr/local/bin/npm', 'run', 'tsc' ]
2 info using npm@4.0.3
3 info using node@v6.9.2
4 verbose run-script [ 'pretsc', 'tsc', 'posttsc' ]
5 info lifecycle portal2@0.0.0~pretsc: portal2@0.0.0
6 silly lifecycle portal2@0.0.0~pretsc: no script for pretsc, continuing
7 info lifecycle portal2@0.0.0~tsc: portal2@0.0.0
8 verbose lifecycle portal2@0.0.0~tsc: unsafe-perm in lifecycle true
9 verbose lifecycle portal2@0.0.0~tsc: PATH: /usr/local/lib/node_modules/npm/bin/node-gyp-bin:/home/agilar/desenvolvimento/erlangms/ems-bus/priv/www/portal2/node_modules/.bin:/usr/local/sbin:/usr/local/bin:/usr/sbin:/usr/bin:/sbin:/bin:/usr/games:/usr/local/games:/snap/bin
10 verbose lifecycle portal2@0.0.0~tsc: CWD: /home/agilar/desenvolvimento/erlangms/ems-bus/priv/www/portal2
11 silly lifecycle portal2@0.0.0~tsc: Args: [ '-c', 'tsc' ]
12 silly lifecycle portal2@0.0.0~tsc: Returned: code: 2  signal: null
13 info lifecycle portal2@0.0.0~tsc: Failed to exec tsc script
14 verbose stack Error: portal2@0.0.0 tsc: `tsc`
14 verbose stack Exit status 2
14 verbose stack     at EventEmitter.<anonymous> (/usr/local/lib/node_modules/npm/lib/utils/lifecycle.js:279:16)
14 verbose stack     at emitTwo (events.js:106:13)
14 verbose stack     at EventEmitter.emit (events.js:191:7)
14 verbose stack     at ChildProcess.<anonymous> (/usr/local/lib/node_modules/npm/lib/utils/spawn.js:40:14)
14 verbose stack     at emitTwo (events.js:106:13)
14 verbose stack     at ChildProcess.emit (events.js:191:7)
14 verbose stack     at maybeClose (internal/child_process.js:877:16)
14 verbose stack     at Process.ChildProcess._handle.onexit (internal/child_process.js:226:5)
15 verbose pkgid portal2@0.0.0
16 verbose cwd /home/agilar/desenvolvimento/erlangms/ems-bus/priv/www/portal2
17 error Linux 4.9.0-999-generic
18 error argv "/usr/bin/nodejs" "/usr/local/bin/npm" "run" "tsc"
19 error node v6.9.2
20 error npm  v4.0.3
21 error code ELIFECYCLE
22 error portal2@0.0.0 tsc: `tsc`
22 error Exit status 2
23 error Failed at the portal2@0.0.0 tsc script 'tsc'.
23 error Make sure you have the latest version of node.js and npm installed.
23 error If you do, this is most likely a problem with the portal2 package,
23 error not with npm itself.
23 error Tell the author that this fails on your system:
23 error     tsc
23 error You can get information on how to open an issue for this project with:
23 error     npm bugs portal2
23 error Or if that isn't available, you can get their info via:
23 error     npm owner ls portal2
23 error There is likely additional logging output above.
24 verbose exit [ 1, true ]
